<?xml version="1.0" encoding="UTF-8"?>
<!-- Generated by org.testng.reporters.JUnitReportReporter -->
<testsuite skipped="0" hostname="DESKTOP-GRS4N7T" name="org.hcl.testscripts.UserLogin" tests="1" failures="0" timestamp="2022-10-23T21:27:20 IST" time="3.794" errors="0">
  <testcase name="verifyUserLogin" time="3.794" classname="org.hcl.testscripts.UserLogin"/>
  <system-out/>
</testsuite> <!-- org.hcl.testscripts.UserLogin -->
