<?xml version="1.0" encoding="UTF-8"?>
<!-- Generated by org.testng.reporters.JUnitReportReporter -->
<testsuite skipped="0" hostname="DESKTOP-GRS4N7T" name="org.hcl.testscripts.UserLogin" tests="1" failures="0" timestamp="2022-09-28T21:38:22 IST" time="0.003" errors="0">
  <testcase name="verifyuserLogin" time="0.003" classname="org.hcl.testscripts.UserLogin"/>
  <system-out/>
</testsuite> <!-- org.hcl.testscripts.UserLogin -->
